{"numTotalTestSuites":52,"numPassedTestSuites":52,"numFailedTestSuites":0,"numPendingTestSuites":0,"numTotalTests":106,"numPassedTests":106,"numFailedTests":0,"numPendingTests":0,"numTodoTests":1,"startTime":1789783821657,"success":true,"testResults":[{"assertionResults":[{"ancestorTitles":["","Estado inicial: visualização do quadro hard-coded"],"fullName":" Estado inicial: visualização do quadro hard-coded GET / mostra o quadro, as três colunas e os cartões semeados","status":"passed","title":"GET / mostra o quadro, as três colunas e os cartões semeados","duration":251,"failureMessages":[]},{"ancestorTitles":["","Estado inicial: visualização do quadro hard-coded"],"fullName":" Estado inicial: visualização do quadro hard-coded a coluna \"Em Andamento\" mostra o limite de WIP (1/3) e não está estourada","status":"passed","title":"a coluna \"Em Andamento\" mostra o limite de WIP (1/3) e não está estourada","duration":41,"failureMessages":[]},{"ancestorTitles":["","Estado inicial: visualização do quadro hard-coded"],"fullName":" Estado inicial: visualização do quadro hard-coded cartões de prioridade alta, média e baixa aparecem com rótulos diferentes","status":"passed","title":"cartões de prioridade alta, média e baixa aparecem com rótulos diferentes","duration":10,"failureMessages":[]},{"ancestorTitles":["","Jornada completa (a implementar conforme as atividades avançam)"],"fullName":" Jornada completa (a implementar conforme as atividades avançam) criar cartão → mover para \"Em Andamento\" → editar → mover para \"Concluído\" → excluir, tudo via HTTP","status":"todo","title":"criar cartão → mover para \"Em Andamento\" → editar → mover para \"Concluído\" → excluir, tudo via HTTP","failureMessages":[]}],"startTime":1789783823247,"endTime":1789783823550,"status":"passed","message":"","name":"/home/gustavo/web/Trabalho1/Trabalho_2/kanban/test/e2e/board.e2e.test.ts"},{"assertionResults":[{"ancestorTitles":["","InMemoryBoardRepository"],"fullName":" InMemoryBoardRepository devolve sempre o mesmo quadro passado na construção","status":"passed","title":"devolve sempre o mesmo quadro passado na construção","duration":4,"failureMessages":[]}],"startTime":1789783823733,"endTime":1789783823737,"status":"passed","message":"","name":"/home/gustavo/web/Trabalho1/Trabalho_2/kanban/test/integration/boards/BoardRepository.test.ts"},{"assertionResults":[{"ancestorTitles":["","InMemoryCardRepository"],"fullName":" InMemoryCardRepository persiste e recupera um cartão por id","status":"passed","title":"persiste e recupera um cartão por id","duration":12,"failureMessages":[]},{"ancestorTitles":["","InMemoryCardRepository"],"fullName":" InMemoryCardRepository lista todos os cartões salvos","status":"passed","title":"lista todos os cartões salvos","duration":4,"failureMessages":[]},{"ancestorTitles":["","InMemoryCardRepository"],"fullName":" InMemoryCardRepository filtra cartões por coluna","status":"passed","title":"filtra cartões por coluna","duration":4,"failureMessages":[]},{"ancestorTitles":["","InMemoryCardRepository"],"fullName":" InMemoryCardRepository detecta título duplicado na mesma coluna, ignorando maiúsculas/minúsculas","status":"passed","title":"detecta título duplicado na mesma coluna, ignorando maiúsculas/minúsculas","duration":0,"failureMessages":[]},{"ancestorTitles":["","InMemoryCardRepository"],"fullName":" InMemoryCardRepository não considera duplicata um título igual em outra coluna","status":"passed","title":"não considera duplicata um título igual em outra coluna","duration":1,"failureMessages":[]},{"ancestorTitles":["","InMemoryCardRepository"],"fullName":" InMemoryCardRepository ignora o próprio cartão ao checar duplicidade (excludeId)","status":"passed","title":"ignora o próprio cartão ao checar duplicidade (excludeId)","duration":0,"failureMessages":[]},{"ancestorTitles":["","InMemoryCardRepository"],"fullName":" InMemoryCardRepository remove um cartão pelo id","status":"passed","title":"remove um cartão pelo id","duration":4,"failureMessages":[]}],"startTime":1789783822875,"endTime":1789783822904,"status":"passed","message":"","name":"/home/gustavo/web/Trabalho1/Trabalho_2/kanban/test/integration/cards/CardRepository.test.ts"},{"assertionResults":[{"ancestorTitles":["","Rotas de quadro","GET /"],"fullName":" Rotas de quadro GET / renderiza o quadro padrão com status 200","status":"passed","title":"renderiza o quadro padrão com status 200","duration":245,"failureMessages":[]},{"ancestorTitles":["","Rotas de quadro","POST /columns (Atividade 7)"],"fullName":" Rotas de quadro POST /columns (Atividade 7) cria uma nova coluna e redireciona para /","status":"passed","title":"cria uma nova coluna e redireciona para /","duration":43,"failureMessages":[]},{"ancestorTitles":["","Rotas de quadro","POST /columns (Atividade 7)"],"fullName":" Rotas de quadro POST /columns (Atividade 7) rejeita criação com nome de coluna vazio ou curto com 400","status":"passed","title":"rejeita criação com nome de coluna vazio ou curto com 400","duration":9,"failureMessages":[]}],"startTime":1789783823290,"endTime":1789783823589,"status":"passed","message":"","name":"/home/gustavo/web/Trabalho1/Trabalho_2/kanban/test/integration/routes/board.routes.test.ts"},{"assertionResults":[{"ancestorTitles":["","Rotas de cartões","POST /cards (Atividade 1 & 6)"],"fullName":" Rotas de cartões POST /cards (Atividade 1 & 6) cria um cartão válido e redireciona para /","status":"passed","title":"cria um cartão válido e redireciona para /","duration":314,"failureMessages":[]},{"ancestorTitles":["","Rotas de cartões","POST /cards (Atividade 1 & 6)"],"fullName":" Rotas de cartões POST /cards (Atividade 1 & 6) cria um cartão sem passar corpo (body vazio)","status":"passed","title":"cria um cartão sem passar corpo (body vazio)","duration":23,"failureMessages":[]},{"ancestorTitles":["","Rotas de cartões","POST /cards (Atividade 1 & 6)"],"fullName":" Rotas de cartões POST /cards (Atividade 1 & 6) rejeita título com menos de 3 caracteres com 400","status":"passed","title":"rejeita título com menos de 3 caracteres com 400","duration":8,"failureMessages":[]},{"ancestorTitles":["","Rotas de cartões","POST /cards (Atividade 1 & 6)"],"fullName":" Rotas de cartões POST /cards (Atividade 1 & 6) rejeita columnId de uma coluna que não existe com 404","status":"passed","title":"rejeita columnId de uma coluna que não existe com 404","duration":4,"failureMessages":[]},{"ancestorTitles":["","Rotas de cartões","POST /cards (Atividade 1 & 6)"],"fullName":" Rotas de cartões POST /cards (Atividade 1 & 6) impede título duplicado na mesma coluna com 409 (Atividade 6)","status":"passed","title":"impede título duplicado na mesma coluna com 409 (Atividade 6)","duration":5,"failureMessages":[]},{"ancestorTitles":["","Rotas de cartões","POST /cards (Atividade 1 & 6)"],"fullName":" Rotas de cartões POST /cards (Atividade 1 & 6) permite o mesmo título em colunas diferentes (Atividade 6)","status":"passed","title":"permite o mesmo título em colunas diferentes (Atividade 6)","duration":3,"failureMessages":[]},{"ancestorTitles":["","Rotas de cartões","POST /cards/:id/move (Atividade 2 & 5)"],"fullName":" Rotas de cartões POST /cards/:id/move (Atividade 2 & 5) move o cartão para a coluna informada e redireciona para /","status":"passed","title":"move o cartão para a coluna informada e redireciona para /","duration":6,"failureMessages":[]},{"ancestorTitles":["","Rotas de cartões","POST /cards/:id/move (Atividade 2 & 5)"],"fullName":" Rotas de cartões POST /cards/:id/move (Atividade 2 & 5) responde 404 se o cartão não existe","status":"passed","title":"responde 404 se o cartão não existe","duration":4,"failureMessages":[]},{"ancestorTitles":["","Rotas de cartões","POST /cards/:id/move (Atividade 2 & 5)"],"fullName":" Rotas de cartões POST /cards/:id/move (Atividade 2 & 5) responde 404 se o columnId for enviado vazio","status":"passed","title":"responde 404 se o columnId for enviado vazio","duration":5,"failureMessages":[]},{"ancestorTitles":["","Rotas de cartões","POST /cards/:id/move (Atividade 2 & 5)"],"fullName":" Rotas de cartões POST /cards/:id/move (Atividade 2 & 5) responde 404 se a coluna destino não existe","status":"passed","title":"responde 404 se a coluna destino não existe","duration":4,"failureMessages":[]},{"ancestorTitles":["","Rotas de cartões","POST /cards/:id/move (Atividade 2 & 5)"],"fullName":" Rotas de cartões POST /cards/:id/move (Atividade 2 & 5) responde 409 se a coluna destino já atingiu o limite de WIP","status":"passed","title":"responde 409 se a coluna destino já atingiu o limite de WIP","duration":5,"failureMessages":[]},{"ancestorTitles":["","Rotas de cartões","POST /cards/:id/update (Atividade 3 & 6)"],"fullName":" Rotas de cartões POST /cards/:id/update (Atividade 3 & 6) edita título, descrição e prioridade e redireciona para /","status":"passed","title":"edita título, descrição e prioridade e redireciona para /","duration":6,"failureMessages":[]},{"ancestorTitles":["","Rotas de cartões","POST /cards/:id/update (Atividade 3 & 6)"],"fullName":" Rotas de cartões POST /cards/:id/update (Atividade 3 & 6) atualiza apenas a descrição preservando o título atual","status":"passed","title":"atualiza apenas a descrição preservando o título atual","duration":7,"failureMessages":[]},{"ancestorTitles":["","Rotas de cartões","POST /cards/:id/update (Atividade 3 & 6)"],"fullName":" Rotas de cartões POST /cards/:id/update (Atividade 3 & 6) responde 404 se o cartão a ser editado não existe","status":"passed","title":"responde 404 se o cartão a ser editado não existe","duration":4,"failureMessages":[]},{"ancestorTitles":["","Rotas de cartões","POST /cards/:id/update (Atividade 3 & 6)"],"fullName":" Rotas de cartões POST /cards/:id/update (Atividade 3 & 6) responde 400 se o novo título for inválido (menor que 3 caracteres)","status":"passed","title":"responde 400 se o novo título for inválido (menor que 3 caracteres)","duration":3,"failureMessages":[]},{"ancestorTitles":["","Rotas de cartões","POST /cards/:id/update (Atividade 3 & 6)"],"fullName":" Rotas de cartões POST /cards/:id/update (Atividade 3 & 6) responde 400 se a nova prioridade for inválida","status":"passed","title":"responde 400 se a nova prioridade for inválida","duration":3,"failureMessages":[]},{"ancestorTitles":["","Rotas de cartões","POST /cards/:id/update (Atividade 3 & 6)"],"fullName":" Rotas de cartões POST /cards/:id/update (Atividade 3 & 6) impede renomear para um título já existente na mesma coluna com 409 (Atividade 6)","status":"passed","title":"impede renomear para um título já existente na mesma coluna com 409 (Atividade 6)","duration":5,"failureMessages":[]},{"ancestorTitles":["","Rotas de cartões","POST /cards/:id/delete (Atividade 4)"],"fullName":" Rotas de cartões POST /cards/:id/delete (Atividade 4) remove o cartão com sucesso e redireciona para /","status":"passed","title":"remove o cartão com sucesso e redireciona para /","duration":5,"failureMessages":[]},{"ancestorTitles":["","Rotas de cartões","POST /cards/:id/delete (Atividade 4)"],"fullName":" Rotas de cartões POST /cards/:id/delete (Atividade 4) responde 404 se o cartão a ser excluído não existe","status":"passed","title":"responde 404 se o cartão a ser excluído não existe","duration":5,"failureMessages":[]},{"ancestorTitles":["","Rotas de cartões","GET /cards/:id (Atividade 8 - Detalhe do Cartão)"],"fullName":" Rotas de cartões GET /cards/:id (Atividade 8 - Detalhe do Cartão) renderiza os detalhes do cartão com status 200","status":"passed","title":"renderiza os detalhes do cartão com status 200","duration":5,"failureMessages":[]},{"ancestorTitles":["","Rotas de cartões","GET /cards/:id (Atividade 8 - Detalhe do Cartão)"],"fullName":" Rotas de cartões GET /cards/:id (Atividade 8 - Detalhe do Cartão) responde 404 se o cartão pesquisado não existe","status":"passed","title":"responde 404 se o cartão pesquisado não existe","duration":3,"failureMessages":[]},{"ancestorTitles":["","Rotas de cartões","GET /cards/search (Atividade 9 - Busca de Cartões)"],"fullName":" Rotas de cartões GET /cards/search (Atividade 9 - Busca de Cartões) filtra cartões pelo título de forma case-insensitive e retorna 200","status":"passed","title":"filtra cartões pelo título de forma case-insensitive e retorna 200","duration":10,"failureMessages":[]},{"ancestorTitles":["","Rotas de cartões","GET /cards/search (Atividade 9 - Busca de Cartões)"],"fullName":" Rotas de cartões GET /cards/search (Atividade 9 - Busca de Cartões) retorna todos os cartões quando a query de busca for vazia ou omitida","status":"passed","title":"retorna todos os cartões quando a query de busca for vazia ou omitida","duration":5,"failureMessages":[]}],"startTime":1789783823265,"endTime":1789783823709,"status":"passed","message":"","name":"/home/gustavo/web/Trabalho1/Trabalho_2/kanban/test/integration/routes/cards.routes.test.ts"},{"assertionResults":[{"ancestorTitles":["","Atividade 11 - Suporte a múltiplos quadros"],"fullName":" Atividade 11 - Suporte a múltiplos quadros permite carregar um quadro específico via GET /boards/:boardId","status":"passed","title":"permite carregar um quadro específico via GET /boards/:boardId","duration":284,"failureMessages":[]},{"ancestorTitles":["","Atividade 11 - Suporte a múltiplos quadros"],"fullName":" Atividade 11 - Suporte a múltiplos quadros retorna 404 ao acessar GET /boards/:boardId com id inexistente","status":"passed","title":"retorna 404 ao acessar GET /boards/:boardId com id inexistente","duration":10,"failureMessages":[]},{"ancestorTitles":["","Atividade 11 - Suporte a múltiplos quadros"],"fullName":" Atividade 11 - Suporte a múltiplos quadros permite adicionar coluna em quadro específico via POST /boards/:boardId/columns","status":"passed","title":"permite adicionar coluna em quadro específico via POST /boards/:boardId/columns","duration":38,"failureMessages":[]}],"startTime":1789783823253,"endTime":1789783823585,"status":"passed","message":"","name":"/home/gustavo/web/Trabalho1/Trabalho_2/kanban/test/integration/routes/multiBoard.routes.test.ts"},{"assertionResults":[{"ancestorTitles":["","errorHandler"],"fullName":" errorHandler mapeia um erro de validação para 400","status":"passed","title":"mapeia um erro de validação para 400","duration":28,"failureMessages":[]},{"ancestorTitles":["","errorHandler"],"fullName":" errorHandler mapeia um erro de conflito para 409","status":"passed","title":"mapeia um erro de conflito para 409","duration":1,"failureMessages":[]},{"ancestorTitles":["","errorHandler"],"fullName":" errorHandler mapeia um erro de WIP para 409","status":"passed","title":"mapeia um erro de WIP para 409","duration":1,"failureMessages":[]},{"ancestorTitles":["","errorHandler"],"fullName":" errorHandler mapeia um erro conhecido (NotImplementedError) para o status registrado","status":"passed","title":"mapeia um erro conhecido (NotImplementedError) para o status registrado","duration":5,"failureMessages":[]},{"ancestorTitles":["","errorHandler"],"fullName":" errorHandler mapeia outro erro conhecido (ColumnNotFoundError) para 404","status":"passed","title":"mapeia outro erro conhecido (ColumnNotFoundError) para 404","duration":0,"failureMessages":[]},{"ancestorTitles":["","errorHandler"],"fullName":" errorHandler usa 500 para um erro que não está no mapa","status":"passed","title":"usa 500 para um erro que não está no mapa","duration":1,"failureMessages":[]}],"startTime":1789783822885,"endTime":1789783822921,"status":"passed","message":"","name":"/home/gustavo/web/Trabalho1/Trabalho_2/kanban/test/integration/shared/errorHandler.test.ts"},{"assertionResults":[{"ancestorTitles":["","Board"],"fullName":" Board instancia um quadro e mantém colunas ordenadas por order","status":"passed","title":"instancia um quadro e mantém colunas ordenadas por order","duration":6,"failureMessages":[]},{"ancestorTitles":["","Board"],"fullName":" Board verifica se possui uma coluna com hasColumn","status":"passed","title":"verifica se possui uma coluna com hasColumn","duration":1,"failureMessages":[]},{"ancestorTitles":["","Board"],"fullName":" Board encontra uma coluna com findColumn","status":"passed","title":"encontra uma coluna com findColumn","duration":1,"failureMessages":[]},{"ancestorTitles":["","Board","Board#addColumn (Atividade 7)"],"fullName":" Board Board#addColumn (Atividade 7) adiciona uma nova coluna com ID único, ordem sequencial e sem limite de WIP","status":"passed","title":"adiciona uma nova coluna com ID único, ordem sequencial e sem limite de WIP","duration":2,"failureMessages":[]},{"ancestorTitles":["","Board","Board#addColumn (Atividade 7)"],"fullName":" Board Board#addColumn (Atividade 7) incrementa a ordem sequencial ao adicionar múltiplas colunas","status":"passed","title":"incrementa a ordem sequencial ao adicionar múltiplas colunas","duration":1,"failureMessages":[]},{"ancestorTitles":["","Board","Board#addColumn (Atividade 7)"],"fullName":" Board Board#addColumn (Atividade 7) rejeita nome de coluna inválido com InvalidColumnNameError","status":"passed","title":"rejeita nome de coluna inválido com InvalidColumnNameError","duration":1,"failureMessages":[]},{"ancestorTitles":["","Board","Board unit tests - branches e coberturas extras"],"fullName":" Board Board unit tests - branches e coberturas extras restaura um quadro a partir do snapshot","status":"passed","title":"restaura um quadro a partir do snapshot","duration":4,"failureMessages":[]},{"ancestorTitles":["","Board","Board unit tests - branches e coberturas extras"],"fullName":" Board Board unit tests - branches e coberturas extras retorna undefined ao buscar coluna inexistente com findColumn","status":"passed","title":"retorna undefined ao buscar coluna inexistente com findColumn","duration":0,"failureMessages":[]},{"ancestorTitles":["","Board","Board unit tests - branches e coberturas extras"],"fullName":" Board Board unit tests - branches e coberturas extras hasColumn retorna false para coluna inexistente","status":"passed","title":"hasColumn retorna false para coluna inexistente","duration":1,"failureMessages":[]}],"startTime":1789783822868,"endTime":1789783822886,"status":"passed","message":"","name":"/home/gustavo/web/Trabalho1/Trabalho_2/kanban/test/unit/boards/Board.test.ts"},{"assertionResults":[{"ancestorTitles":["","BoardColumnChecker"],"fullName":" BoardColumnChecker identifica coluna existente e inexistente com hasColumn","status":"passed","title":"identifica coluna existente e inexistente com hasColumn","duration":12,"failureMessages":[]},{"ancestorTitles":["","BoardColumnChecker"],"fullName":" BoardColumnChecker recupera dados da coluna com getColumnInfo ou undefined se inexistente","status":"passed","title":"recupera dados da coluna com getColumnInfo ou undefined se inexistente","duration":7,"failureMessages":[]}],"startTime":1789783822891,"endTime":1789783822910,"status":"passed","message":"","name":"/home/gustavo/web/Trabalho1/Trabalho_2/kanban/test/unit/boards/BoardColumnChecker.test.ts"},{"assertionResults":[{"ancestorTitles":["","BoardController branches não cobertas"],"fullName":" BoardController branches não cobertas lança BoardNotFoundError ao acessar showBoard com ID inexistente","status":"passed","title":"lança BoardNotFoundError ao acessar showBoard com ID inexistente","duration":5,"failureMessages":[]},{"ancestorTitles":["","BoardController branches não cobertas"],"fullName":" BoardController branches não cobertas lança BoardNotFoundError ao criar coluna em quadro inexistente","status":"passed","title":"lança BoardNotFoundError ao criar coluna em quadro inexistente","duration":1,"failureMessages":[]},{"ancestorTitles":["","BoardController branches não cobertas"],"fullName":" BoardController branches não cobertas cria coluna com wipLimit nulo/indefinido","status":"passed","title":"cria coluna com wipLimit nulo/indefinido","duration":5,"failureMessages":[]},{"ancestorTitles":["","BoardController branches não cobertas"],"fullName":" BoardController branches não cobertas mostra o board com cards em múltiplas prioridades e WIP excedido","status":"passed","title":"mostra o board com cards em múltiplas prioridades e WIP excedido","duration":2,"failureMessages":[]},{"ancestorTitles":["","BoardController branches não cobertas"],"fullName":" BoardController branches não cobertas mostra o quadro padrão quando nenhum boardId é informado","status":"passed","title":"mostra o quadro padrão quando nenhum boardId é informado","duration":1,"failureMessages":[]},{"ancestorTitles":["","BoardController branches não cobertas"],"fullName":" BoardController branches não cobertas ignora save do repositório quando ele não existe","status":"passed","title":"ignora save do repositório quando ele não existe","duration":0,"failureMessages":[]}],"startTime":1789783822889,"endTime":1789783822903,"status":"passed","message":"","name":"/home/gustavo/web/Trabalho1/Trabalho_2/kanban/test/unit/boards/BoardController.test.ts"},{"assertionResults":[{"ancestorTitles":["","BoardRepository unit tests extras"],"fullName":" BoardRepository unit tests extras lança erro ao chamar getDefault em repositório vazio","status":"passed","title":"lança erro ao chamar getDefault em repositório vazio","duration":8,"failureMessages":[]},{"ancestorTitles":["","BoardRepository unit tests extras"],"fullName":" BoardRepository unit tests extras retorna o primeiro quadro quando defaultBoardId ficou inválido","status":"passed","title":"retorna o primeiro quadro quando defaultBoardId ficou inválido","duration":1,"failureMessages":[]},{"ancestorTitles":["","BoardRepository unit tests extras"],"fullName":" BoardRepository unit tests extras retorna undefined ao buscar por id inexistente em findById","status":"passed","title":"retorna undefined ao buscar por id inexistente em findById","duration":1,"failureMessages":[]},{"ancestorTitles":["","BoardRepository unit tests extras"],"fullName":" BoardRepository unit tests extras lista todos os quadros salvos","status":"passed","title":"lista todos os quadros salvos","duration":3,"failureMessages":[]},{"ancestorTitles":["","BoardRepository unit tests extras"],"fullName":" BoardRepository unit tests extras atualiza quadro existente no save","status":"passed","title":"atualiza quadro existente no save","duration":1,"failureMessages":[]},{"ancestorTitles":["","BoardRepository unit tests extras"],"fullName":" BoardRepository unit tests extras define um default quando o repositório começa vazio e recebe o primeiro save","status":"passed","title":"define um default quando o repositório começa vazio e recebe o primeiro save","duration":0,"failureMessages":[]}],"startTime":1789783822859,"endTime":1789783822874,"status":"passed","message":"","name":"/home/gustavo/web/Trabalho1/Trabalho_2/kanban/test/unit/boards/BoardRepository.test.ts"},{"assertionResults":[{"ancestorTitles":["","Column.create"],"fullName":" Column.create cria uma coluna válida com wipLimit padrão nulo","status":"passed","title":"cria uma coluna válida com wipLimit padrão nulo","duration":11,"failureMessages":[]},{"ancestorTitles":["","Column.create"],"fullName":" Column.create aceita um wipLimit explícito","status":"passed","title":"aceita um wipLimit explícito","duration":1,"failureMessages":[]},{"ancestorTitles":["","Column.create"],"fullName":" Column.create rejeita nome com menos de 2 caracteres","status":"passed","title":"rejeita nome com menos de 2 caracteres","duration":1,"failureMessages":[]},{"ancestorTitles":["","Column.create"],"fullName":" Column.create rejeita nome com mais de 40 caracteres","status":"passed","title":"rejeita nome com mais de 40 caracteres","duration":1,"failureMessages":[]},{"ancestorTitles":["","Column.create"],"fullName":" Column.create rejeita nome que não é string","status":"passed","title":"rejeita nome que não é string","duration":0,"failureMessages":[]},{"ancestorTitles":["","Column#restore e toSnapshot"],"fullName":" Column#restore e toSnapshot restaura uma coluna a partir do snapshot","status":"passed","title":"restaura uma coluna a partir do snapshot","duration":6,"failureMessages":[]},{"ancestorTitles":["","Column#restore e toSnapshot"],"fullName":" Column#restore e toSnapshot expõe os dados da coluna","status":"passed","title":"expõe os dados da coluna","duration":0,"failureMessages":[]}],"startTime":1789783822861,"endTime":1789783822883,"status":"passed","message":"","name":"/home/gustavo/web/Trabalho1/Trabalho_2/kanban/test/unit/boards/Column.test.ts"},{"assertionResults":[{"ancestorTitles":["","boardView unit tests"],"fullName":" boardView unit tests transforma entidade Board e lista de Cards em ViewModel com propriedades calculadas","status":"passed","title":"transforma entidade Board e lista de Cards em ViewModel com propriedades calculadas","duration":19,"failureMessages":[]}],"startTime":1789783822895,"endTime":1789783822914,"status":"passed","message":"","name":"/home/gustavo/web/Trabalho1/Trabalho_2/kanban/test/unit/boards/boardView.test.ts"},{"assertionResults":[{"ancestorTitles":["","shared/errors"],"fullName":" shared/errors instancia DomainError com mensagem e nome esperados","status":"passed","title":"instancia DomainError com mensagem e nome esperados","duration":4,"failureMessages":[]},{"ancestorTitles":["","shared/errors"],"fullName":" shared/errors instancia NotImplementedError com mensagem padrão e customizada","status":"passed","title":"instancia NotImplementedError com mensagem padrão e customizada","duration":1,"failureMessages":[]}],"startTime":1789783823733,"endTime":1789783823738,"status":"passed","message":"","name":"/home/gustavo/web/Trabalho1/Trabalho_2/kanban/test/unit/shared/erros.test.ts"},{"assertionResults":[{"ancestorTitles":["","shared/http e errorHandler branches"],"fullName":" shared/http e errorHandler branches redirect permite definir status customizado (diferente de 302)","status":"passed","title":"redirect permite definir status customizado (diferente de 302)","duration":8,"failureMessages":[]},{"ancestorTitles":["","shared/http e errorHandler branches"],"fullName":" shared/http e errorHandler branches respond renderiza view quando o resultado é de render","status":"passed","title":"respond renderiza view quando o resultado é de render","duration":19,"failureMessages":[]},{"ancestorTitles":["","shared/http e errorHandler branches"],"fullName":" shared/http e errorHandler branches respond redireciona quando o resultado é de redirect","status":"passed","title":"respond redireciona quando o resultado é de redirect","duration":1,"failureMessages":[]},{"ancestorTitles":["","shared/http e errorHandler branches"],"fullName":" shared/http e errorHandler branches errorHandler renderiza erro 500 genérico para exceções não mapeadas","status":"passed","title":"errorHandler renderiza erro 500 genérico para exceções não mapeadas","duration":7,"failureMessages":[]}],"startTime":1789783822885,"endTime":1789783822921,"status":"passed","message":"","name":"/home/gustavo/web/Trabalho1/Trabalho_2/kanban/test/unit/shared/httpAndHandler.test.ts"},{"assertionResults":[{"ancestorTitles":["","Card.create"],"fullName":" Card.create cria um cartão com prioridade baixa e descrição vazia por padrão","status":"passed","title":"cria um cartão com prioridade baixa e descrição vazia por padrão","duration":8,"failureMessages":[]},{"ancestorTitles":["","Card.create"],"fullName":" Card.create aceita prioridade e descrição customizadas, normalizando o título","status":"passed","title":"aceita prioridade e descrição customizadas, normalizando o título","duration":1,"failureMessages":[]},{"ancestorTitles":["","Card.create"],"fullName":" Card.create rejeita título com menos de 3 caracteres","status":"passed","title":"rejeita título com menos de 3 caracteres","duration":1,"failureMessages":[]},{"ancestorTitles":["","Card.create"],"fullName":" Card.create rejeita título com mais de 120 caracteres","status":"passed","title":"rejeita título com mais de 120 caracteres","duration":0,"failureMessages":[]},{"ancestorTitles":["","Card.create"],"fullName":" Card.create rejeita título que não é string","status":"passed","title":"rejeita título que não é string","duration":1,"failureMessages":[]},{"ancestorTitles":["","Card.create"],"fullName":" Card.create rejeita columnId vazio","status":"passed","title":"rejeita columnId vazio","duration":1,"failureMessages":[]},{"ancestorTitles":["","Card.create"],"fullName":" Card.create rejeita columnId que não é string","status":"passed","title":"rejeita columnId que não é string","duration":0,"failureMessages":[]},{"ancestorTitles":["","Card.create"],"fullName":" Card.create rejeita prioridade inválida","status":"passed","title":"rejeita prioridade inválida","duration":1,"failureMessages":[]},{"ancestorTitles":["","Card.restore"],"fullName":" Card.restore reconstrói um cartão a partir de um snapshot já persistido","status":"passed","title":"reconstrói um cartão a partir de um snapshot já persistido","duration":2,"failureMessages":[]},{"ancestorTitles":["","Card#changeColumn (Atividade 2)"],"fullName":" Card#changeColumn (Atividade 2) troca a coluna do cartão com sucesso","status":"passed","title":"troca a coluna do cartão com sucesso","duration":1,"failureMessages":[]},{"ancestorTitles":["","Card#changeColumn (Atividade 2)"],"fullName":" Card#changeColumn (Atividade 2) rejeita columnId inválido ou vazio","status":"passed","title":"rejeita columnId inválido ou vazio","duration":0,"failureMessages":[]},{"ancestorTitles":["","Card#rename e Card#changePriority (Atividade 3)"],"fullName":" Card#rename e Card#changePriority (Atividade 3) renomeia e atualiza descrição com sucesso","status":"passed","title":"renomeia e atualiza descrição com sucesso","duration":1,"failureMessages":[]},{"ancestorTitles":["","Card#rename e Card#changePriority (Atividade 3)"],"fullName":" Card#rename e Card#changePriority (Atividade 3) renomeia mantendo a descrição quando não informada","status":"passed","title":"renomeia mantendo a descrição quando não informada","duration":0,"failureMessages":[]},{"ancestorTitles":["","Card#rename e Card#changePriority (Atividade 3)"],"fullName":" Card#rename e Card#changePriority (Atividade 3) rejeita novo título inválido","status":"passed","title":"rejeita novo título inválido","duration":1,"failureMessages":[]},{"ancestorTitles":["","Card#rename e Card#changePriority (Atividade 3)"],"fullName":" Card#rename e Card#changePriority (Atividade 3) troca a prioridade com sucesso","status":"passed","title":"troca a prioridade com sucesso","duration":0,"failureMessages":[]},{"ancestorTitles":["","Card#rename e Card#changePriority (Atividade 3)"],"fullName":" Card#rename e Card#changePriority (Atividade 3) rejeita prioridade inválida ao trocar","status":"passed","title":"rejeita prioridade inválida ao trocar","duration":1,"failureMessages":[]},{"ancestorTitles":["","Card unit tests extras"],"fullName":" Card unit tests extras cobre validações de título inválido e troca de prioridade","status":"passed","title":"cobre validações de título inválido e troca de prioridade","duration":8,"failureMessages":[]}],"startTime":1789783822857,"endTime":1789783822885,"status":"passed","message":"","name":"/home/gustavo/web/Trabalho1/Trabalho_2/kanban/test/unit/cards/Card.test.ts"},{"assertionResults":[{"ancestorTitles":["","CardController branches e fallbacks"],"fullName":" CardController branches e fallbacks lida com body nulo/undefined nas ações","status":"passed","title":"lida com body nulo/undefined nas ações","duration":16,"failureMessages":[]},{"ancestorTitles":["","CardController branches e fallbacks"],"fullName":" CardController branches e fallbacks redireciona para returnUrl customizado se fornecido","status":"passed","title":"redireciona para returnUrl customizado se fornecido","duration":6,"failureMessages":[]},{"ancestorTitles":["","CardController branches e fallbacks"],"fullName":" CardController branches e fallbacks cobre branches de busca com query vazia e com valor","status":"passed","title":"cobre branches de busca com query vazia e com valor","duration":1,"failureMessages":[]},{"ancestorTitles":["","CardController branches e fallbacks"],"fullName":" CardController branches e fallbacks cobre branches dos erros e dos caminhos alternativos do controller","status":"passed","title":"cobre branches dos erros e dos caminhos alternativos do controller","duration":9,"failureMessages":[]}],"startTime":1789783822914,"endTime":1789783822948,"status":"passed","message":"","name":"/home/gustavo/web/Trabalho1/Trabalho_2/kanban/test/unit/cards/CardController.test.ts"},{"assertionResults":[{"ancestorTitles":["","cardView"],"fullName":" cardView converte um cartão para o modelo de visualização com badges adequadas","status":"passed","title":"converte um cartão para o modelo de visualização com badges adequadas","duration":6,"failureMessages":[]}],"startTime":1789783823749,"endTime":1789783823755,"status":"passed","message":"","name":"/home/gustavo/web/Trabalho1/Trabalho_2/kanban/test/unit/cards/CardView.test.ts"}]}